kTVApp/build/outputs/logs/manifest-merger-debug-report.txt
-- Merging decision tree log ---
manifest
ADDED from src\main\AndroidManifest.xml:2:1-73:12
	package
		ADDED from src\main\AndroidManifest.xml:3:5-25
		INJECTED from src\main\AndroidManifest.xml
		INJECTED from src\main\AndroidManifest.xml
	android:versionName
		ADDED from src\main\AndroidManifest.xml:5:5-30
		INJECTED from src\main\AndroidManifest.xml
		INJECTED from src\main\AndroidManifest.xml
	android:versionCode
		ADDED from src\main\AndroidManifest.xml:4:5-28
		INJECTED from src\main\AndroidManifest.xml
		INJECTED from src\main\AndroidManifest.xml
	xmlns:android
		ADDED from src\main\AndroidManifest.xml:2:11-69
uses-sdk
ADDED from src\main\AndroidManifest.xml:7:5-9:41
MERGED from [KTVAppLoop1:daoCore:unspecified] AndroidManifest.xml:7:5-9:41
MERGED from [com.android.support:recyclerview-v7:23.4.0] AndroidManifest.xml:20:5-43
MERGED from [com.android.support:support-v4:23.4.0] AndroidManifest.xml:20:5-43
	android:targetSdkVersion
		ADDED from src\main\AndroidManifest.xml:9:9-38
		INJECTED from src\main\AndroidManifest.xml
		INJECTED from src\main\AndroidManifest.xml
	android:minSdkVersion
		ADDED from src\main\AndroidManifest.xml:8:9-35
		INJECTED from src\main\AndroidManifest.xml
		INJECTED from src\main\AndroidManifest.xml
application
ADDED from src\main\AndroidManifest.xml:11:5-56:19
MERGED from [com.android.support:support-v4:23.4.0] AndroidManifest.xml:22:5-20
	android:label
		ADDED from src\main\AndroidManifest.xml:17:9-41
	android:debuggable
		ADDED from src\main\AndroidManifest.xml:14:9-34
	android:allowBackup
		ADDED from src\main\AndroidManifest.xml:13:9-35
	android:icon
		ADDED from src\main\AndroidManifest.xml:16:9-45
	android:largeHeap
		ADDED from src\main\AndroidManifest.xml:15:9-33
	android:theme
		ADDED from src\main\AndroidManifest.xml:18:9-40
	android:name
		ADDED from src\main\AndroidManifest.xml:12:9-60
activity#com.sz.ktv.ui.activity.WelcomeActivity
ADDED from src\main\AndroidManifest.xml:19:9-30:20
	android:screenOrientation
		ADDED from src\main\AndroidManifest.xml:21:13-50
	android:label
		ADDED from src\main\AndroidManifest.xml:24:13-45
	android:windowSoftInputMode
		ADDED from src\main\AndroidManifest.xml:22:13-64
	android:configChanges
		ADDED from src\main\AndroidManifest.xml:23:13-81
	android:name
		ADDED from src\main\AndroidManifest.xml:20:13-66
intent-filter#android.intent.action.MAIN+android.intent.category.LAUNCHER
ADDED from src\main\AndroidManifest.xml:25:13-29:29
action#android.intent.action.MAIN
ADDED from src\main\AndroidManifest.xml:26:17-69
	android:name
		ADDED from src\main\AndroidManifest.xml:26:25-66
category#android.intent.category.LAUNCHER
ADDED from src\main\AndroidManifest.xml:28:17-77
	android:name
		ADDED from src\main\AndroidManifest.xml:28:27-74
activity#com.sz.ktv.MainActivity
ADDED from src\main\AndroidManifest.xml:31:9-38:20
	android:screenOrientation
		ADDED from src\main\AndroidManifest.xml:35:13-50
	android:label
		ADDED from src\main\AndroidManifest.xml:37:13-45
	android:windowSoftInputMode
		ADDED from src\main\AndroidManifest.xml:34:14-69
	android:configChanges
		ADDED from src\main\AndroidManifest.xml:36:13-81
	android:name
		ADDED from src\main\AndroidManifest.xml:32:13-51
activity#com.sz.ktv.ui.activity.KTVVideoPlayActivity
ADDED from src\main\AndroidManifest.xml:40:9-45:20
	android:screenOrientation
		ADDED from src\main\AndroidManifest.xml:42:13-50
	android:label
		ADDED from src\main\AndroidManifest.xml:44:13-45
	android:configChanges
		ADDED from src\main\AndroidManifest.xml:43:13-81
	android:name
		ADDED from src\main\AndroidManifest.xml:41:13-71
activity#com.sz.ktv.view.dialog.SelectPicPopupWindow
ADDED from src\main\AndroidManifest.xml:47:10-124
	android:theme
		ADDED from src\main\AndroidManifest.xml:47:80-122
	android:name
		ADDED from src\main\AndroidManifest.xml:47:20-78
service#com.sz.ktv.ui.service.LoadService
ADDED from src\main\AndroidManifest.xml:49:9-52:19
	android:name
		ADDED from src\main\AndroidManifest.xml:50:13-61
service#com.sz.ktv.net.service.ConnectService
ADDED from src\main\AndroidManifest.xml:54:9-55:19
	android:name
		ADDED from src\main\AndroidManifest.xml:54:18-70
uses-permission#android.permission.SYSTEM_ALERT_WINDOW
ADDED from src\main\AndroidManifest.xml:58:1-74
	android:name
		ADDED from src\main\AndroidManifest.xml:58:18-71
uses-permission#android.permission.WRITE_EXTERNAL_STORAGE
ADDED from src\main\AndroidManifest.xml:60:5-81
	android:name
		ADDED from src\main\AndroidManifest.xml:60:22-78
uses-permission#android.permission.ACCESS_WIFI_STATE
ADDED from src\main\AndroidManifest.xml:63:5-76
	android:name
		ADDED from src\main\AndroidManifest.xml:63:22-73
uses-permission#android.permission.ACCESS_NETWORK_STATE
ADDED from src\main\AndroidManifest.xml:64:1-74
	android:name
		ADDED from src\main\AndroidManifest.xml:64:18-72
uses-permission#android.permission.CAMERA
ADDED from src\main\AndroidManifest.xml:66:5-65
	android:name
		ADDED from src\main\AndroidManifest.xml:66:22-62
uses-permission#android.permission.INTERNET
ADDED from src\main\AndroidManifest.xml:68:5-67
	android:name
		ADDED from src\main\AndroidManifest.xml:68:22-64
uses-feature#android.hardware.camera
ADDED from src\main\AndroidManifest.xml:70:5-60
	android:name
		ADDED from src\main\AndroidManifest.xml:70:19-57
uses-permission#android.permission.CHANGE_WIFI_STATE
ADDED from src\main\AndroidManifest.xml:72:5-76
	android:name
		ADDED from src\main\AndroidManifest.xml:72:22-73